<?xml version="1.0" encoding="UTF-8"?>
<!DOCTYPE beans PUBLIC "-//SPRING//DTD BEAN//EN" "http://www.springframework.org/dtd/spring-beans.dtd">

<!-- Application context definition for "simple" DispatcherServlet.  -->
<beans>

    <bean id="HelloControl" class="HelloController"/> 	 

	<bean id="urlMapping" class="org.springframework.web.servlet.handler.SimpleUrlHandlerMapping">   
	<property name="mappings">	   
		<props> 		 
		  <prop key="/check">HelloControl</prop>		 
		 </props>		  
		</property>		 
	</bean> 

</beans>
